autoscan: warning: missing AC_CHECK_FUNCS([floor]) wanted by: 
	unit-tests/TestClusterFunctions.c:61
	unit-tests/TestClusterFunctions.c:64
	unit-tests/TestClusterFunctions.c:65
	unit-tests/TestClusterFunctions.c:67
	unit-tests/TestClusterFunctions.c:68
	unit-tests/TestClusterFunctions.c:71
	unit-tests/TestClusterFunctions.c:79
	unit-tests/TestClusterFunctions.c:82
	unit-tests/TestClusterFunctions.c:83
	unit-tests/TestClusterFunctions.c:85
	unit-tests/TestClusterFunctions.c:86
	unit-tests/TestClusterFunctions.c:89
	unit-tests/TestClusterFunctions.c:98
	unit-tests/TestClusterFunctions.c:101
	unit-tests/TestClusterFunctions.c:102
	unit-tests/TestClusterFunctions.c:104
	unit-tests/TestClusterFunctions.c:105
	unit-tests/TestClusterFunctions.c:108
	unit-tests/TestClusterFunctions.c:116
	unit-tests/TestClusterFunctions.c:119
	unit-tests/TestClusterFunctions.c:120
	unit-tests/TestClusterFunctions.c:122
	unit-tests/TestClusterFunctions.c:123
	unit-tests/TestClusterFunctions.c:126
	unit-tests/TestClusterFunctions.c:172
	unit-tests/TestClusterFunctions.c:197
	unit-tests/TestClusterFunctions.c:215
autoscan: warning: missing AC_CHECK_FUNCS([memmove]) wanted by: 
	src/mark_duplicates.c:1373
	src/mark_duplicates.c:1658
autoscan: warning: missing AC_CHECK_FUNCS([memset]) wanted by: 
	src/khash.h:182
	src/khash.h:211
	src/write.c:189
	src/mpiSort.c:294
	src/parabitonicsort2.c:392
	src/parabitonicsort2.c:393
	src/parabitonicsort2.c:394
	src/parabitonicsort2.c:395
	src/parabitonicsort2.c:396
	src/parabitonicsort.c:350
	src/parabitonicsort.c:351
	src/parabitonicsort3.c:380
	src/parabitonicsort3.c:381
	src/parabitonicsort3.c:382
	src/parabitonicsort3.c:383
autoscan: warning: missing AC_CHECK_FUNCS([munmap]) wanted by: 
	src/mpiSort.c:335
autoscan: warning: missing AC_CHECK_FUNCS([sqrt]) wanted by: 
	src/perfectHash.c:112
autoscan: warning: missing AC_CHECK_FUNCS([strchr]) wanted by: 
	src/mpiSort.c:299
	src/mpiMD_utils.c:54
	src/mpiMD_utils.c:86
	src/mpiMD_utils.c:96
	src/mark_duplicates.c:416
	src/mark_duplicates.c:1755
	src/mark_duplicates.c:1759
	src/bgzf.c:208
	src/bgzf.c:208
	src/bgzf.c:225
	src/bgzf.c:225
	src/bgzf.c:237
	src/bgzf.c:256
autoscan: warning: missing AC_CHECK_FUNCS([strdup]) wanted by: 
	unit-tests/TestLlist.c:27
	unit-tests/TestUtils.c:30
	unit-tests/TestUtils.c:76
	unit-tests/TestUtils.c:102
	unit-tests/TestUtils.c:111
	unit-tests/TestClusterFunctions.c:38
	unit-tests/TestClusterFunctions.c:39
	unit-tests/TestLBList.c:26
	src/mpiSort.c:320
	src/mpiSort.c:321
	src/mark_duplicates.c:2023
	src/createLBList.c:103
	src/createLBList.c:124
	src/createLBList.c:127
	src/createLBList.c:220
	src/reads.c:116
	src/reads.c:117
autoscan: warning: missing AC_CHECK_FUNCS([strndup]) wanted by: 
	unit-tests/TestUtils.c:93
	src/mpiSort.c:316
	src/mpiSort.c:324
	src/mpiMD_utils.c:60
	src/mpiMD_utils.c:92
	src/mpiMD_utils.c:99
	src/mark_duplicates.c:96
	src/mark_duplicates.c:284
	src/mark_duplicates.c:312
	src/mark_duplicates.c:364
	src/mark_duplicates.c:372
	src/createLBList.c:185
	src/createLBList.c:295
autoscan: warning: missing AC_CHECK_FUNCS([strstr]) wanted by: 
	unit-tests/TestUtils.c:89
	src/mpiSort.c:308
	src/mark_duplicates.c:92
	src/parser.c:137
	src/parser.c:142
	src/parser.c:152
	src/parser.c:175
	src/createLBList.c:110
	src/createLBList.c:159
	src/createLBList.c:166
	src/createLBList.c:227
	src/createLBList.c:269
	src/createLBList.c:276
autoscan: warning: missing AC_CHECK_FUNCS([strtoull]) wanted by: 
	src/parser.c:156
	src/parser.c:157
	src/parser.c:164
	src/parser.c:168
	src/parser.c:172
autoscan: warning: missing AC_CHECK_HEADERS([fcntl.h]) wanted by: 
	src/sort_any_dim.c:41
	src/mpiSort.c:43
	src/bgzf.c:33
autoscan: warning: missing AC_CHECK_HEADERS([limits.h]) wanted by: 
	src/common.h:4
	src/khash.h:101
	src/mark_duplicates.h:42
autoscan: warning: missing AC_CHECK_HEADERS([malloc.h]) wanted by: 
	src/write.c:36
	src/parabitonicsort2.c:64
	src/parabitonicsort.c:64
	src/parabitonicsort3.c:65
autoscan: warning: missing AC_CHECK_HEADERS([stddef.h]) wanted by: 
	unit-tests/TestPerfectHash.c:2
	unit-tests/TestLlist.c:2
	unit-tests/TestUtils.c:2
	unit-tests/TestClusterFunctions.c:2
	unit-tests/TestList.c:2
	unit-tests/TestLBList.c:2
autoscan: warning: missing AC_CHECK_HEADERS([stdint.h]) wanted by: 
	src/common.h:3
	src/bgzf.h:27
autoscan: warning: missing AC_CHECK_HEADERS([stdlib.h]) wanted by: 
	unit-tests/TestPerfectHash.c:4
	unit-tests/TestLlist.c:4
	unit-tests/TestUtils.c:4
	unit-tests/TestClusterFunctions.c:4
	unit-tests/TestList.c:4
	unit-tests/TestLBList.c:4
	src/khash.h:99
	src/sort_any_dim.c:44
	src/sort_any_dim.c:47
	src/qksort.h:36
	src/preWrite.c:36
	src/sort_any_dim.h:35
	src/mpiSort.c:47
	src/mpiSort.c:50
	src/parabitonicsort2.c:61
	src/parser.h:36
	src/write.h:37
	src/write_utils.h:37
	src/mpiMD_utils.h:4
	src/mpiSort_utils.h:34
	src/mergeSort.h:33
	src/createLBList.c:38
	src/bgzf.c:30
	src/parabitonicsort.c:61
	src/reads.h:4
	src/mark_duplicates.h:37
	src/llist.h:4
	src/mpiSort_utils.c:41
	src/parabitonicsort3.c:62
	src/perfectHash.h:15
autoscan: warning: missing AC_CHECK_HEADERS([string.h]) wanted by: 
	unit-tests/TestPerfectHash.c:5
	unit-tests/TestLlist.c:5
	unit-tests/TestUtils.c:5
	unit-tests/TestClusterFunctions.c:5
	unit-tests/TestList.c:5
	unit-tests/TestLBList.c:5
	src/khash.h:100
	src/sort_any_dim.c:45
	src/qksort.h:37
	src/sort_any_dim.h:36
	src/mpiSort.c:48
	src/parabitonicsort2.c:62
	src/parser.h:38
	src/write.h:38
	src/mark_duplicates.c:46
	src/mpiSort_utils.h:36
	src/createLBList.c:35
	src/bgzf.c:31
	src/parabitonicsort.c:62
	src/reads.h:5
	src/mark_duplicates.h:40
	src/mpiSort_utils.c:43
	src/parabitonicsort3.c:63
	src/log.h:11
	src/perfectHash.h:17
autoscan: warning: missing AC_CHECK_HEADERS([unistd.h]) wanted by: 
	src/sort_any_dim.c:46
	src/mpiSort.c:49
	src/bgzf.c:32
autoscan: warning: missing AC_CHECK_HEADER_STDBOOL wanted by: 
	src/bgzf.h:34
autoscan: warning: missing AC_C_INLINE wanted by: 
	src/khash.h:307
	src/khash.h:336
	src/mpiMD_utils.c:13
	src/mpiMD_utils.c:23
	src/mpiMD_utils.c:109
	src/mpiMD_utils.c:114
	src/mpiMD_utils.c:118
	src/mpiMD_utils.c:122
	src/mpiMD_utils.c:138
	src/mark_duplicates.c:70
	src/mark_duplicates.c:684
	src/mark_duplicates.c:1943
	src/bgzf.h:137
	src/bgzf.c:77
	src/bgzf.c:85
	src/bgzf.c:91
	src/bgzf.c:101
	src/reads.c:190
autoscan: warning: missing AC_FUNC_FSEEKO wanted by: 
	src/bgzf.c:52
	src/bgzf.c:438
	src/bgzf.c:680
	src/bgzf.c:682
	src/bgzf.c:705
	src/bgzf.h:149
	src/bgzf.c:51
	src/bgzf.c:480
	src/bgzf.c:559
	src/bgzf.c:679
autoscan: warning: missing AC_FUNC_MALLOC wanted by: 
	unit-tests/TestPerfectHash.c:25
	unit-tests/TestPerfectHash.c:26
	unit-tests/TestPerfectHash.c:37
	unit-tests/TestPerfectHash.c:38
	unit-tests/TestPerfectHash.c:39
	unit-tests/TestPerfectHash.c:73
	unit-tests/TestLlist.c:24
	unit-tests/TestLlist.c:31
	unit-tests/TestLlist.c:33
	unit-tests/TestUtils.c:29
	unit-tests/TestUtils.c:110
	unit-tests/TestClusterFunctions.c:35
	unit-tests/TestClusterFunctions.c:36
	unit-tests/TestClusterFunctions.c:48
	unit-tests/TestClusterFunctions.c:133
	unit-tests/TestClusterFunctions.c:152
	unit-tests/TestList.c:26
	unit-tests/TestList.c:27
	unit-tests/TestList.c:28
	unit-tests/TestList.c:29
	unit-tests/TestList.c:37
	unit-tests/TestList.c:38
	unit-tests/TestList.c:39
	unit-tests/TestList.c:40
	unit-tests/TestList.c:43
	unit-tests/TestLBList.c:22
	unit-tests/TestLBList.c:23
	unit-tests/TestLBList.c:36
	unit-tests/TestLBList.c:38
	unit-tests/TestLBList.c:41
	unit-tests/TestLBList.c:52
	unit-tests/TestLBList.c:90
	src/khash.h:210
	src/llist.c:123
	src/llist.c:125
	src/llist.c:283
	src/llist.c:312
	src/llist.c:340
	src/sort_any_dim.c:88
	src/sort_any_dim.c:92
	src/sort_any_dim.c:96
	src/sort_any_dim.c:100
	src/sort_any_dim.c:104
	src/sort_any_dim.c:108
	src/sort_any_dim.c:112
	src/sort_any_dim.c:116
	src/sort_any_dim.c:138
	src/sort_any_dim.c:196
	src/sort_any_dim.c:197
	src/sort_any_dim.c:198
	src/sort_any_dim.c:199
	src/sort_any_dim.c:227
	src/sort_any_dim.c:229
	src/sort_any_dim.c:287
	src/sort_any_dim.c:288
	src/sort_any_dim.c:289
	src/sort_any_dim.c:290
	src/sort_any_dim.c:379
	src/sort_any_dim.c:390
	src/sort_any_dim.c:418
	src/sort_any_dim.c:472
	src/sort_any_dim.c:537
	src/sort_any_dim.c:538
	src/sort_any_dim.c:628
	src/sort_any_dim.c:629
	src/sort_any_dim.c:630
	src/sort_any_dim.c:644
	src/sort_any_dim.c:655
	src/sort_any_dim.c:656
	src/sort_any_dim.c:657
	src/sort_any_dim.c:658
	src/write_utils.c:530
	src/write.c:148
	src/write.c:149
	src/write.c:150
	src/write.c:151
	src/write.c:261
	src/write.c:290
	src/write.c:296
	src/write.c:297
	src/write.c:326
	src/write.c:383
	src/write.c:415
	src/write.c:422
	src/write.c:423
	src/write.c:440
	src/write.c:452
	src/write.c:565
	src/write.c:581
	src/write.c:743
	src/write.c:744
	src/write.c:745
	src/write.c:746
	src/write.c:747
	src/write.c:771
	src/write.c:772
	src/write.c:773
	src/write.c:774
	src/write.c:793
	src/write.c:794
	src/write.c:796
	src/write.c:797
	src/write.c:885
	src/write.c:894
	src/write.c:895
	src/write.c:896
	src/write.c:897
	src/write.c:970
	src/write.c:1029
	src/write.c:1034
	src/write.c:1035
	src/write.c:1036
	src/write.c:1097
	src/write.c:1098
	src/write.c:1155
	src/write.c:1156
	src/write.c:1157
	src/write.c:1158
	src/write.c:1223
	src/write.c:1237
	src/write.c:1269
	src/write.c:1271
	src/write.c:1287
	src/write.c:1293
	src/write.c:1341
	src/write.c:1343
	src/write.c:1359
	src/write.c:1365
	src/write.c:1437
	src/write.c:1562
	src/write.c:1563
	src/write.c:1564
	src/write.c:1565
	src/write.c:1575
	src/write.c:1592
	src/write.c:1595
	src/write.c:1598
	src/write.c:1602
	src/write.c:1711
	src/write.c:1713
	src/write.c:1729
	src/write.c:1781
	src/write.c:1783
	src/write.c:1798
	src/write.c:1865
	src/write.c:1993
	src/write.c:1994
	src/write.c:1997
	src/write.c:1998
	src/write.c:2012
	src/write.c:2013
	src/write.c:2014
	src/write.c:2016
	src/write.c:2017
	src/write.c:2069
	src/write.c:2104
	src/write.c:2105
	src/write.c:2106
	src/write.c:2107
	src/write.c:2123
	src/write.c:2125
	src/write.c:2177
	src/write.c:2178
	src/write.c:2179
	src/write.c:2180
	src/write.c:2291
	src/write.c:2301
	src/write.c:2327
	src/write.c:2364
	src/write.c:2429
	src/write.c:2430
	src/write.c:2489
	src/write.c:2490
	src/write.c:2491
	src/write.c:2639
	src/write.c:2677
	src/write.c:2678
	src/write.c:2679
	src/write.c:2680
	src/write.c:2693
	src/write.c:2695
	src/write.c:2754
	src/write.c:2755
	src/write.c:2756
	src/write.c:2757
	src/write.c:2847
	src/write.c:2858
	src/write.c:2884
	src/write.c:2921
	src/write.c:2984
	src/write.c:2985
	src/write.c:3046
	src/write.c:3047
	src/write.c:3048
	src/write.c:3196
	src/write.c:3229
	src/write.c:3250
	src/write.c:3255
	src/write.c:3256
	src/write.c:3258
	src/write.c:3325
	src/write.c:3326
	src/write.c:3368
	src/write.c:3377
	src/write.c:3392
	src/write.c:3406
	src/write.c:3427
	src/write.c:3441
	src/write.c:3473
	src/write.c:3475
	src/write.c:3491
	src/write.c:3497
	src/write.c:3553
	src/write.c:3555
	src/write.c:3569
	src/write.c:3575
	src/write.c:3642
	src/mpiSort.c:401
	src/mpiSort.c:402
	src/mpiSort.c:403
	src/mpiSort.c:404
	src/mpiSort.c:408
	src/mpiSort.c:416
	src/mpiSort.c:417
	src/mpiSort.c:550
	src/mpiSort.c:561
	src/mpiSort.c:563
	src/mpiSort.c:589
	src/mpiSort.c:846
	src/mpiSort.c:847
	src/mpiSort.c:887
	src/mpiSort.c:1142
	src/mpiSort.c:1222
	src/mpiSort.c:1366
	src/mpiSort.c:1367
	src/mpiSort.c:1368
	src/mpiSort.c:1369
	src/mpiSort.c:1370
	src/mpiSort.c:1371
	src/mpiSort.c:1404
	src/mpiSort.c:1405
	src/mpiSort.c:1406
	src/mpiSort.c:1407
	src/mpiSort.c:1408
	src/mpiSort.c:1409
	src/mpiSort.c:1416
	src/mpiSort.c:1417
	src/mpiSort.c:1418
	src/mpiSort.c:1419
	src/mpiSort.c:1420
	src/mpiSort.c:1421
	src/mpiSort.c:1481
	src/mpiSort.c:1496
	src/mpiSort.c:1497
	src/mpiSort.c:1498
	src/mpiSort.c:1499
	src/mpiSort.c:1500
	src/mpiSort.c:1501
	src/mpiSort.c:1552
	src/mpiSort.c:1553
	src/mpiSort.c:1554
	src/mpiSort.c:1555
	src/mpiSort.c:1556
	src/mpiSort.c:1557
	src/parabitonicsort2.c:187
	src/parabitonicsort2.c:188
	src/parabitonicsort2.c:189
	src/parabitonicsort2.c:190
	src/parabitonicsort2.c:191
	src/parabitonicsort2.c:199
	src/parabitonicsort2.c:380
	src/parabitonicsort2.c:381
	src/parabitonicsort2.c:382
	src/parabitonicsort2.c:383
	src/parabitonicsort2.c:384
	src/parabitonicsort2.c:515
	src/parabitonicsort2.c:516
	src/parabitonicsort2.c:517
	src/parabitonicsort2.c:518
	src/parabitonicsort2.c:519
	src/parabitonicsort2.c:586
	src/parabitonicsort2.c:587
	src/parabitonicsort2.c:588
	src/parabitonicsort2.c:589
	src/parabitonicsort2.c:590
	src/parabitonicsort2.c:690
	src/parabitonicsort2.c:716
	src/parabitonicsort2.c:718
	src/qksort.c:72
	src/qksort.c:74
	src/mark_duplicates.c:1213
	src/mark_duplicates.c:1339
	src/mark_duplicates.c:1588
	src/mark_duplicates.c:1589
	src/mark_duplicates.c:1917
	src/mark_duplicates.c:1970
	src/mark_duplicates.c:2111
	src/parser.c:193
	src/parser.c:205
	src/parser.c:216
	src/parser.c:225
	src/parser.c:234
	src/parser.c:276
	src/bgzf.c:145
	src/bgzf.c:147
	src/bgzf.c:182
	src/bgzf.c:196
	src/bgzf.c:466
	src/bgzf.c:604
	src/parabitonicsort.c:187
	src/parabitonicsort.c:188
	src/parabitonicsort.c:193
	src/parabitonicsort.c:344
	src/parabitonicsort.c:345
	src/parabitonicsort.c:444
	src/parabitonicsort.c:445
	src/parabitonicsort.c:490
	src/parabitonicsort.c:491
	src/parabitonicsort.c:580
	src/parabitonicsort.c:606
	src/parabitonicsort.c:608
	src/mpiSort_utils.c:136
	src/perfectHash.c:329
	src/perfectHash.c:330
	src/perfectHash.c:334
	src/perfectHash.c:347
	src/parabitonicsort3.c:182
	src/parabitonicsort3.c:183
	src/parabitonicsort3.c:184
	src/parabitonicsort3.c:185
	src/parabitonicsort3.c:187
	src/parabitonicsort3.c:188
	src/parabitonicsort3.c:369
	src/parabitonicsort3.c:370
	src/parabitonicsort3.c:371
	src/parabitonicsort3.c:372
	src/parabitonicsort3.c:485
	src/parabitonicsort3.c:486
	src/parabitonicsort3.c:487
	src/parabitonicsort3.c:488
	src/parabitonicsort3.c:550
	src/parabitonicsort3.c:551
	src/parabitonicsort3.c:552
	src/parabitonicsort3.c:553
	src/parabitonicsort3.c:650
	src/parabitonicsort3.c:676
	src/parabitonicsort3.c:678
autoscan: warning: missing AC_FUNC_MMAP wanted by: 
	src/mpiSort.c:290
autoscan: warning: missing AC_FUNC_REALLOC wanted by: 
	src/khash.h:213
	src/khash.h:215
	src/khash.h:249
	src/khash.h:251
	src/preWrite.c:57
	src/write.c:165
	src/write.c:170
	src/write.c:171
	src/write.c:188
	src/write.c:197
	src/write.c:1675
	src/write.c:1735
	src/write.c:1804
	src/mpiSort.c:437
	src/mark_duplicates.c:1659
	src/mark_duplicates.c:1798
autoscan: warning: missing AC_TYPE_INT16_T wanted by: 
	src/bgzf.h:39
autoscan: warning: missing AC_TYPE_INT64_T wanted by: 
	src/bgzf.h:52
	src/bgzf.h:118
	src/bgzf.h:118
	src/bgzf.c:43
	src/bgzf.c:423
	src/bgzf.c:476
	src/bgzf.c:480
	src/bgzf.c:687
	src/bgzf.c:687
	src/bgzf.c:690
autoscan: warning: missing AC_TYPE_INT8_T wanted by: 
	src/bgzf.h:34
	src/bgzf.c:55
autoscan: warning: missing AC_TYPE_OFF_T wanted by: 
	src/mpiSort.c:124
	src/bgzf.c:51
	src/bgzf.c:52
	src/bgzf.c:672
autoscan: warning: missing AC_TYPE_SIZE_T wanted by: 
	unit-tests/TestClusterFunctions.c:34
	unit-tests/TestLBList.c:90
	unit-tests/TestLBList.c:90
	unit-tests/TestLBList.c:91
	src/createLBList.h:47
	src/createLBList.h:53
	src/sort_any_dim.c:64
	src/sort_any_dim.c:71
	src/sort_any_dim.c:77
	src/sort_any_dim.c:78
	src/sort_any_dim.c:79
	src/sort_any_dim.c:85
	src/sort_any_dim.c:87
	src/sort_any_dim.c:88
	src/sort_any_dim.c:88
	src/sort_any_dim.c:91
	src/sort_any_dim.c:92
	src/sort_any_dim.c:92
	src/sort_any_dim.c:111
	src/sort_any_dim.c:112
	src/sort_any_dim.c:112
	src/sort_any_dim.c:115
	src/sort_any_dim.c:116
	src/sort_any_dim.c:116
	src/sort_any_dim.c:122
	src/sort_any_dim.c:123
	src/sort_any_dim.c:138
	src/sort_any_dim.c:138
	src/sort_any_dim.c:138
	src/sort_any_dim.c:149
	src/sort_any_dim.c:168
	src/sort_any_dim.c:169
	src/sort_any_dim.c:170
	src/sort_any_dim.c:173
	src/sort_any_dim.c:178
	src/sort_any_dim.c:196
	src/sort_any_dim.c:197
	src/sort_any_dim.c:201
	src/sort_any_dim.c:227
	src/sort_any_dim.c:227
	src/sort_any_dim.c:227
	src/sort_any_dim.c:229
	src/sort_any_dim.c:229
	src/sort_any_dim.c:229
	src/sort_any_dim.c:256
	src/sort_any_dim.c:257
	src/sort_any_dim.c:274
	src/sort_any_dim.c:289
	src/sort_any_dim.c:289
	src/sort_any_dim.c:290
	src/sort_any_dim.c:290
	src/sort_any_dim.c:298
	src/sort_any_dim.c:357
	src/sort_any_dim.c:359
	src/sort_any_dim.c:379
	src/sort_any_dim.c:379
	src/sort_any_dim.c:379
	src/sort_any_dim.c:390
	src/sort_any_dim.c:390
	src/sort_any_dim.c:390
	src/sort_any_dim.c:402
	src/sort_any_dim.c:403
	src/sort_any_dim.c:418
	src/sort_any_dim.c:418
	src/sort_any_dim.c:439
	src/sort_any_dim.c:472
	src/sort_any_dim.c:472
	src/sort_any_dim.c:507
	src/sort_any_dim.c:517
	src/sort_any_dim.c:530
	src/sort_any_dim.c:537
	src/sort_any_dim.c:537
	src/sort_any_dim.c:538
	src/sort_any_dim.c:538
	src/sort_any_dim.c:548
	src/sort_any_dim.c:549
	src/sort_any_dim.c:619
	src/sort_any_dim.c:622
	src/sort_any_dim.c:626
	src/sort_any_dim.c:630
	src/sort_any_dim.c:644
	src/sort_any_dim.c:655
	src/sort_any_dim.c:655
	src/sort_any_dim.c:656
	src/sort_any_dim.c:656
	src/sort_any_dim.c:657
	src/sort_any_dim.c:658
	src/sort_any_dim.c:676
	src/sort_any_dim.c:677
	src/qksort.h:39
	src/qksort.h:45
	src/qksort.h:45
	src/qksort.h:45
	src/qksort.h:47
	src/qksort.h:47
	src/qksort.h:47
	src/qksort.h:47
	src/preWrite.c:44
	src/preWrite.c:45
	src/preWrite.c:46
	src/preWrite.c:47
	src/preWrite.c:71
	src/preWrite.c:71
	src/preWrite.c:71
	src/preWrite.c:72
	src/write_utils.c:39
	src/write_utils.c:40
	src/write_utils.c:41
	src/write_utils.c:45
	src/write_utils.c:138
	src/write_utils.c:202
	src/write_utils.c:202
	src/write_utils.c:265
	src/write_utils.c:457
	src/write_utils.c:480
	src/write_utils.c:480
	src/write_utils.c:481
	src/write_utils.c:481
	src/write_utils.c:481
	src/write_utils.c:494
	src/write_utils.c:514
	src/write_utils.c:514
	src/write_utils.c:514
	src/write_utils.c:520
	src/write_utils.c:533
	src/write_utils.c:548
	src/write_utils.c:548
	src/write_utils.c:548
	src/write_utils.c:558
	src/write_utils.c:589
	src/write_utils.c:589
	src/write_utils.c:591
	src/write.c:50
	src/write.c:50
	src/write.c:51
	src/write.c:80
	src/write.c:80
	src/write.c:81
	src/write.c:82
	src/write.c:82
	src/write.c:94
	src/write.c:95
	src/write.c:97
	src/write.c:98
	src/write.c:101
	src/write.c:102
	src/write.c:117
	src/write.c:118
	src/write.c:120
	src/write.c:121
	src/write.c:124
	src/write.c:125
	src/write.c:130
	src/write.c:131
	src/write.c:143
	src/write.c:148
	src/write.c:148
	src/write.c:149
	src/write.c:149
	src/write.c:152
	src/write.c:170
	src/write.c:171
	src/write.c:236
	src/write.c:236
	src/write.c:236
	src/write.c:242
	src/write.c:244
	src/write.c:261
	src/write.c:261
	src/write.c:266
	src/write.c:269
	src/write.c:269
	src/write.c:296
	src/write.c:297
	src/write.c:315
	src/write.c:315
	src/write.c:326
	src/write.c:330
	src/write.c:334
	src/write.c:360
	src/write.c:360
	src/write.c:365
	src/write.c:367
	src/write.c:392
	src/write.c:392
	src/write.c:422
	src/write.c:423
	src/write.c:484
	src/write.c:485
	src/write.c:495
	src/write.c:496
	src/write.c:503
	src/write.c:504
	src/write.c:532
	src/write.c:533
	src/write.c:548
	src/write.c:549
	src/write.c:558
	src/write.c:559
	src/write.c:565
	src/write.c:565
	src/write.c:566
	src/write.c:585
	src/write.c:588
	src/write.c:589
	src/write.c:590
	src/write.c:594
	src/write.c:695
	src/write.c:705
	src/write.c:710
	src/write.c:711
	src/write.c:741
	src/write.c:743
	src/write.c:744
	src/write.c:773
	src/write.c:773
	src/write.c:774
	src/write.c:774
	src/write.c:777
	src/write.c:777
	src/write.c:784
	src/write.c:793
	src/write.c:793
	src/write.c:794
	src/write.c:794
	src/write.c:857
	src/write.c:885
	src/write.c:885
	src/write.c:892
	src/write.c:896
	src/write.c:896
	src/write.c:897
	src/write.c:897
	src/write.c:960
	src/write.c:961
	src/write.c:975
	src/write.c:1009
	src/write.c:1009
	src/write.c:1010
	src/write.c:1010
	src/write.c:1097
	src/write.c:1097
	src/write.c:1130
	src/write.c:1131
	src/write.c:1132
	src/write.c:1147
	src/write.c:1155
	src/write.c:1155
	src/write.c:1158
	src/write.c:1158
	src/write.c:1221
	src/write.c:1223
	src/write.c:1223
	src/write.c:1231
	src/write.c:1240
	src/write.c:1397
	src/write.c:1410
	src/write.c:1478
	src/write.c:1536
	src/write.c:1546
	src/write.c:1556
	src/write.c:1557
	src/write.c:1559
	src/write.c:1562
	src/write.c:1562
	src/write.c:1562
	src/write.c:1563
	src/write.c:1563
	src/write.c:1563
	src/write.c:1574
	src/write.c:1575
	src/write.c:1575
	src/write.c:1575
	src/write.c:1595
	src/write.c:1595
	src/write.c:1643
	src/write.c:1665
	src/write.c:1666
	src/write.c:1684
	src/write.c:1726
	src/write.c:1770
	src/write.c:1836
	src/write.c:1886
	src/write.c:1925
	src/write.c:1926
	src/write.c:1936
	src/write.c:1937
	src/write.c:1941
	src/write.c:1970
	src/write.c:1971
	src/write.c:1984
	src/write.c:1985
	src/write.c:1996
	src/write.c:1997
	src/write.c:1997
	src/write.c:1998
	src/write.c:1998
	src/write.c:1999
	src/write.c:2000
	src/write.c:2001
	src/write.c:2002
	src/write.c:2008
	src/write.c:2010
	src/write.c:2012
	src/write.c:2012
	src/write.c:2013
	src/write.c:2013
	src/write.c:2017
	src/write.c:2017
	src/write.c:2018
	src/write.c:2019
	src/write.c:2021
	src/write.c:2069
	src/write.c:2069
	src/write.c:2069
	src/write.c:2083
	src/write.c:2084
	src/write.c:2088
	src/write.c:2104
	src/write.c:2105
	src/write.c:2109
	src/write.c:2123
	src/write.c:2123
	src/write.c:2125
	src/write.c:2125
	src/write.c:2150
	src/write.c:2151
	src/write.c:2161
	src/write.c:2179
	src/write.c:2179
	src/write.c:2180
	src/write.c:2180
	src/write.c:2188
	src/write.c:2269
	src/write.c:2272
	src/write.c:2291
	src/write.c:2291
	src/write.c:2301
	src/write.c:2301
	src/write.c:2314
	src/write.c:2315
	src/write.c:2327
	src/write.c:2342
	src/write.c:2364
	src/write.c:2407
	src/write.c:2420
	src/write.c:2429
	src/write.c:2429
	src/write.c:2430
	src/write.c:2430
	src/write.c:2441
	src/write.c:2442
	src/write.c:2490
	src/write.c:2503
	src/write.c:2549
	src/write.c:2550
	src/write.c:2639
	src/write.c:2639
	src/write.c:2639
	src/write.c:2658
	src/write.c:2659
	src/write.c:2669
	src/write.c:2677
	src/write.c:2678
	src/write.c:2682
	src/write.c:2693
	src/write.c:2693
	src/write.c:2695
	src/write.c:2695
	src/write.c:2721
	src/write.c:2722
	src/write.c:2738
	src/write.c:2756
	src/write.c:2756
	src/write.c:2757
	src/write.c:2757
	src/write.c:2765
	src/write.c:2834
	src/write.c:2836
	src/write.c:2847
	src/write.c:2847
	src/write.c:2858
	src/write.c:2858
	src/write.c:2871
	src/write.c:2872
	src/write.c:2884
	src/write.c:2899
	src/write.c:2921
	src/write.c:2963
	src/write.c:2976
	src/write.c:2984
	src/write.c:2985
	src/write.c:2996
	src/write.c:2997
	src/write.c:3047
	src/write.c:3065
	src/write.c:3168
	src/write.c:3168
	src/write.c:3168
	src/write.c:3169
	src/write.c:3169
	src/write.c:3169
	src/write.c:3184
	src/write.c:3185
	src/write.c:3201
	src/write.c:3235
	src/write.c:3235
	src/write.c:3235
	src/write.c:3325
	src/write.c:3325
	src/write.c:3325
	src/write.c:3368
	src/write.c:3368
	src/write.c:3392
	src/write.c:3392
	src/write.c:3406
	src/write.c:3406
	src/write.c:3425
	src/write.c:3427
	src/write.c:3427
	src/write.c:3435
	src/write.c:3444
	src/write.c:3609
	src/write.c:3615
	src/write.c:3686
	src/sort_any_dim.h:48
	src/sort_any_dim.h:55
	src/sort_any_dim.h:61
	src/sort_any_dim.h:62
	src/sort_any_dim.h:63
	src/mpiSort.c:141
	src/mpiSort.c:142
	src/mpiSort.c:143
	src/mpiSort.c:144
	src/mpiSort.c:154
	src/mpiSort.c:290
	src/mpiSort.c:327
	src/mpiSort.c:335
	src/mpiSort.c:391
	src/mpiSort.c:391
	src/mpiSort.c:391
	src/mpiSort.c:391
	src/mpiSort.c:397
	src/mpiSort.c:398
	src/mpiSort.c:402
	src/mpiSort.c:402
	src/mpiSort.c:403
	src/mpiSort.c:403
	src/mpiSort.c:418
	src/mpiSort.c:425
	src/mpiSort.c:442
	src/mpiSort.c:446
	src/mpiSort.c:448
	src/mpiSort.c:456
	src/mpiSort.c:508
	src/mpiSort.c:526
	src/mpiSort.c:550
	src/mpiSort.c:550
	src/mpiSort.c:550
	src/mpiSort.c:832
	src/mpiSort.c:851
	src/mpiSort.c:1027
	src/mpiSort.c:1072
	src/mpiSort.c:1078
	src/mpiSort.c:1087
	src/mpiSort.c:1087
	src/mpiSort.c:1088
	src/mpiSort.c:1088
	src/mpiSort.c:1089
	src/mpiSort.c:1089
	src/mpiSort.c:1090
	src/mpiSort.c:1090
	src/mpiSort.c:1113
	src/mpiSort.c:1116
	src/mpiSort.c:1117
	src/mpiSort.c:1121
	src/mpiSort.c:1124
	src/mpiSort.c:1125
	src/mpiSort.c:1142
	src/mpiSort.c:1142
	src/mpiSort.c:1142
	src/mpiSort.c:1155
	src/mpiSort.c:1178
	src/mpiSort.c:1214
	src/mpiSort.c:1215
	src/mpiSort.c:1222
	src/mpiSort.c:1222
	src/mpiSort.c:1223
	src/mpiSort.c:1227
	src/mpiSort.c:1265
	src/mpiSort.c:1288
	src/mpiSort.c:1294
	src/mpiSort.c:1297
	src/mpiSort.c:1302
	src/mpiSort.c:1313
	src/mpiSort.c:1331
	src/mpiSort.c:1332
	src/mpiSort.c:1333
	src/mpiSort.c:1366
	src/mpiSort.c:1367
	src/mpiSort.c:1368
	src/mpiSort.c:1372
	src/mpiSort.c:1404
	src/mpiSort.c:1405
	src/mpiSort.c:1406
	src/mpiSort.c:1416
	src/mpiSort.c:1417
	src/mpiSort.c:1418
	src/mpiSort.c:1423
	src/mpiSort.c:1469
	src/mpiSort.c:1471
	src/mpiSort.c:1471
	src/mpiSort.c:1487
	src/mpiSort.c:1496
	src/mpiSort.c:1496
	src/mpiSort.c:1497
	src/mpiSort.c:1497
	src/mpiSort.c:1498
	src/mpiSort.c:1498
	src/mpiSort.c:1552
	src/mpiSort.c:1553
	src/mpiSort.c:1554
	src/mpiSort.c:1572
	src/parabitonicsort2.c:83
	src/parabitonicsort2.c:88
	src/parabitonicsort2.c:88
	src/parabitonicsort2.c:90
	src/parabitonicsort2.c:90
	src/parabitonicsort2.c:99
	src/parabitonicsort2.c:99
	src/parabitonicsort2.c:99
	src/parabitonicsort2.c:115
	src/parabitonicsort2.c:118
	src/parabitonicsort2.c:120
	src/parabitonicsort2.c:128
	src/parabitonicsort2.c:178
	src/parabitonicsort2.c:179
	src/parabitonicsort2.c:182
	src/parabitonicsort2.c:187
	src/parabitonicsort2.c:187
	src/parabitonicsort2.c:190
	src/parabitonicsort2.c:190
	src/parabitonicsort2.c:199
	src/parabitonicsort2.c:199
	src/parabitonicsort2.c:199
	src/parabitonicsort2.c:201
	src/parabitonicsort2.c:208
	src/parabitonicsort2.c:238
	src/parabitonicsort2.c:238
	src/parabitonicsort2.c:252
	src/parabitonicsort2.c:253
	src/parabitonicsort2.c:256
	src/parabitonicsort2.c:310
	src/parabitonicsort2.c:311
	src/parabitonicsort2.c:314
	src/parabitonicsort2.c:367
	src/parabitonicsort2.c:368
	src/parabitonicsort2.c:371
	src/parabitonicsort2.c:378
	src/parabitonicsort2.c:380
	src/parabitonicsort2.c:380
	src/parabitonicsort2.c:381
	src/parabitonicsort2.c:381
	src/parabitonicsort2.c:392
	src/parabitonicsort2.c:395
	src/parabitonicsort2.c:406
	src/parabitonicsort2.c:407
	src/parabitonicsort2.c:409
	src/parabitonicsort2.c:413
	src/parabitonicsort2.c:414
	src/parabitonicsort2.c:416
	src/parabitonicsort2.c:419
	src/parabitonicsort2.c:420
	src/parabitonicsort2.c:441
	src/parabitonicsort2.c:444
	src/parabitonicsort2.c:498
	src/parabitonicsort2.c:499
	src/parabitonicsort2.c:502
	src/parabitonicsort2.c:504
	src/parabitonicsort2.c:507
	src/parabitonicsort2.c:511
	src/parabitonicsort2.c:512
	src/parabitonicsort2.c:513
	src/parabitonicsort2.c:515
	src/parabitonicsort2.c:515
	src/parabitonicsort2.c:516
	src/parabitonicsort2.c:517
	src/parabitonicsort2.c:518
	src/parabitonicsort2.c:518
	src/parabitonicsort2.c:569
	src/parabitonicsort2.c:570
	src/parabitonicsort2.c:573
	src/parabitonicsort2.c:575
	src/parabitonicsort2.c:578
	src/parabitonicsort2.c:582
	src/parabitonicsort2.c:583
	src/parabitonicsort2.c:584
	src/parabitonicsort2.c:586
	src/parabitonicsort2.c:586
	src/parabitonicsort2.c:589
	src/parabitonicsort2.c:589
	src/parabitonicsort2.c:598
	src/parabitonicsort2.c:648
	src/parabitonicsort2.c:648
	src/parabitonicsort2.c:648
	src/parabitonicsort2.c:648
	src/parabitonicsort2.c:650
	src/parabitonicsort2.c:684
	src/parabitonicsort2.c:684
	src/parabitonicsort2.c:686
	src/parabitonicsort2.c:687
	src/parabitonicsort2.c:688
	src/parabitonicsort2.c:690
	src/parabitonicsort2.c:694
	src/parabitonicsort2.c:697
	src/parabitonicsort2.c:700
	src/parabitonicsort2.c:708
	src/parabitonicsort2.c:708
	src/parabitonicsort2.c:708
	src/parabitonicsort2.c:710
	src/parabitonicsort2.c:711
	src/parabitonicsort2.c:712
	src/parabitonicsort2.c:716
	src/parabitonicsort2.c:718
	src/parabitonicsort2.c:741
	src/parabitonicsort2.c:742
	src/parabitonicsort2.c:776
	src/parabitonicsort2.c:777
	src/parabitonicsort2.c:778
	src/parser.h:69
	src/parser.h:70
	src/parser.h:71
	src/parser.h:96
	src/parser.h:96
	src/parser.h:111
	src/parser.h:111
	src/write.h:51
	src/write.h:52
	src/write.h:62
	src/write.h:63
	src/write.h:68
	src/write.h:69
	src/write.h:73
	src/write.h:73
	src/write.h:74
	src/write.h:75
	src/write.h:75
	src/write.h:76
	src/write.h:79
	src/write.h:79
	src/write.h:80
	src/write.h:81
	src/write.h:81
	src/write.h:88
	src/write.h:89
	src/write.h:91
	src/write.h:92
	src/write.h:95
	src/write.h:96
	src/write.h:104
	src/write.h:105
	src/write.h:107
	src/write.h:108
	src/write.h:111
	src/write.h:112
	src/write.h:117
	src/write.h:118
	src/write.h:124
	src/write.h:125
	src/write.h:125
	src/write.h:125
	src/write.h:126
	src/write.h:126
	src/write.h:128
	src/write.h:130
	src/write.h:139
	src/write.h:140
	src/write.h:150
	src/write.h:151
	src/write.h:155
	src/write.h:162
	src/write.h:163
	src/write.h:165
	src/write.h:167
	src/write.h:168
	src/write.h:176
	src/write.h:184
	src/write.h:185
	src/write.h:187
	src/write.h:193
	src/write.h:194
	src/parabitonicsort3.h:34
	src/parabitonicsort3.h:34
	src/parabitonicsort3.h:36
	src/parabitonicsort3.h:37
	src/parabitonicsort3.h:38
	src/parabitonicsort3.h:41
	src/parabitonicsort3.h:42
	src/parabitonicsort3.h:43
	src/parabitonicsort3.h:46
	src/parabitonicsort3.h:49
	src/parabitonicsort3.h:49
	src/parabitonicsort3.h:51
	src/parabitonicsort3.h:52
	src/parabitonicsort3.h:53
	src/parabitonicsort3.h:56
	src/parabitonicsort3.h:61
	src/parabitonicsort3.h:62
	src/parabitonicsort3.h:63
	src/parabitonicsort3.h:66
	src/parabitonicsort3.h:71
	src/parabitonicsort3.h:72
	src/parabitonicsort3.h:73
	src/parabitonicsort3.h:76
	src/parabitonicsort3.h:82
	src/parabitonicsort3.h:83
	src/parabitonicsort3.h:84
	src/parabitonicsort3.h:87
	src/parabitonicsort3.h:88
	src/parabitonicsort3.h:89
	src/parabitonicsort3.h:94
	src/parabitonicsort3.h:95
	src/parabitonicsort3.h:96
	src/parabitonicsort3.h:99
	src/parabitonicsort3.h:100
	src/parabitonicsort3.h:101
	src/parabitonicsort3.h:107
	src/parabitonicsort3.h:108
	src/parabitonicsort3.h:109
	src/parabitonicsort3.h:110
	src/parabitonicsort3.h:115
	src/parabitonicsort3.h:116
	src/parabitonicsort3.h:117
	src/parabitonicsort3.h:124
	src/parabitonicsort3.h:125
	src/parabitonicsort3.h:128
	src/parabitonicsort3.h:129
	src/parabitonicsort3.h:130
	src/qksort.c:38
	src/qksort.c:42
	src/qksort.c:42
	src/qksort.c:42
	src/qksort.c:55
	src/qksort.c:55
	src/qksort.c:57
	src/qksort.c:57
	src/qksort.c:64
	src/qksort.c:64
	src/qksort.c:64
	src/qksort.c:66
	src/qksort.c:67
	src/qksort.c:68
	src/qksort.c:72
	src/qksort.c:72
	src/qksort.c:74
	src/qksort.c:74
	src/qksort.c:97
	src/qksort.c:98
	src/qksort.c:132
	src/qksort.c:133
	src/qksort.c:134
	src/qksort.c:151
	src/qksort.c:151
	src/qksort.c:151
	src/qksort.c:151
	src/qksort.c:153
	src/mpiMD_utils.c:97
	src/write_utils.h:41
	src/write_utils.h:42
	src/write_utils.h:43
	src/write_utils.h:47
	src/write_utils.h:49
	src/write_utils.h:52
	src/write_utils.h:52
	src/write_utils.h:55
	src/write_utils.h:57
	src/write_utils.h:57
	src/write_utils.h:57
	src/write_utils.h:62
	src/write_utils.h:62
	src/write_utils.h:63
	src/write_utils.h:63
	src/write_utils.h:63
	src/write_utils.h:64
	src/write_utils.h:64
	src/write_utils.h:65
	src/write_utils.h:65
	src/write_utils.h:65
	src/write_utils.h:65
	src/write_utils.h:66
	src/write_utils.h:66
	src/write_utils.h:67
	src/write_utils.h:67
	src/write_utils.h:67
	src/write_utils.h:67
	src/write_utils.h:68
	src/write_utils.h:68
	src/write_utils.h:68
	src/write_utils.h:68
	src/write_utils.h:68
	src/write_utils.h:69
	src/write_utils.h:69
	src/write_utils.h:69
	src/write_utils.h:70
	src/write_utils.h:70
	src/write_utils.h:70
	src/write_utils.h:76
	src/write_utils.h:76
	src/mark_duplicates.c:223
	src/mark_duplicates.c:257
	src/mark_duplicates.c:257
	src/mark_duplicates.c:270
	src/mark_duplicates.c:270
	src/mark_duplicates.c:271
	src/mark_duplicates.c:272
	src/mark_duplicates.c:300
	src/mark_duplicates.c:300
	src/mark_duplicates.c:303
	src/mark_duplicates.c:396
	src/mark_duplicates.c:536
	src/mark_duplicates.c:548
	src/mark_duplicates.c:752
	src/mark_duplicates.c:825
	src/mark_duplicates.c:863
	src/mark_duplicates.c:982
	src/mark_duplicates.c:985
	src/mark_duplicates.c:1069
	src/mark_duplicates.c:1310
	src/mark_duplicates.c:1570
	src/mark_duplicates.c:1570
	src/mark_duplicates.c:1591
	src/mark_duplicates.c:1657
	src/mark_duplicates.c:1777
	src/mark_duplicates.c:1778
	src/mark_duplicates.c:1780
	src/mark_duplicates.c:1781
	src/mark_duplicates.c:1787
	src/mark_duplicates.c:1792
	src/mark_duplicates.c:1851
	src/mark_duplicates.c:1889
	src/mark_duplicates.c:1913
	src/mark_duplicates.c:1915
	src/mark_duplicates.c:1916
	src/mark_duplicates.c:1967
	src/mark_duplicates.c:1971
	src/mark_duplicates.c:2068
	src/mark_duplicates.c:2087
	src/mark_duplicates.c:2113
	src/mpiSort_utils.h:41
	src/mpiSort_utils.h:42
	src/mpiSort_utils.h:48
	src/mpiSort_utils.h:51
	src/mpiSort_utils.h:52
	src/mpiSort_utils.h:64
	src/mpiSort_utils.h:65
	src/mpiSort_utils.h:66
	src/mpiSort_utils.h:67
	src/mpiSort_utils.h:68
	src/mpiSort_utils.h:69
	src/mergeSort.h:38
	src/mergeSort.h:39
	src/mergeSort.h:39
	src/parser.c:41
	src/parser.c:43
	src/parser.c:66
	src/parser.c:66
	src/parser.c:74
	src/parser.c:100
	src/parser.c:101
	src/parser.c:109
	src/parser.c:110
	src/parser.c:111
	src/parser.c:112
	src/parser.c:125
	src/parser.c:125
	src/preWrite.h:38
	src/preWrite.h:38
	src/preWrite.h:38
	src/parabitonicsort2.h:34
	src/parabitonicsort2.h:34
	src/parabitonicsort2.h:36
	src/parabitonicsort2.h:37
	src/parabitonicsort2.h:40
	src/parabitonicsort2.h:41
	src/parabitonicsort2.h:44
	src/parabitonicsort2.h:48
	src/parabitonicsort2.h:48
	src/parabitonicsort2.h:50
	src/parabitonicsort2.h:51
	src/parabitonicsort2.h:54
	src/parabitonicsort2.h:60
	src/parabitonicsort2.h:61
	src/parabitonicsort2.h:64
	src/parabitonicsort2.h:70
	src/parabitonicsort2.h:71
	src/parabitonicsort2.h:74
	src/parabitonicsort2.h:81
	src/parabitonicsort2.h:82
	src/parabitonicsort2.h:85
	src/parabitonicsort2.h:87
	src/parabitonicsort2.h:90
	src/parabitonicsort2.h:94
	src/parabitonicsort2.h:95
	src/parabitonicsort2.h:98
	src/parabitonicsort2.h:100
	src/parabitonicsort2.h:103
	src/parabitonicsort2.h:108
	src/parabitonicsort2.h:109
	src/parabitonicsort2.h:110
	src/parabitonicsort2.h:111
	src/parabitonicsort2.h:116
	src/parabitonicsort2.h:117
	src/parabitonicsort2.h:118
	src/parabitonicsort2.h:125
	src/parabitonicsort2.h:128
	src/parabitonicsort2.h:130
	src/mergeSort.c:38
	src/mergeSort.c:39
	src/mergeSort.c:61
	src/mergeSort.c:61
	src/parabitonicsort.c:84
	src/parabitonicsort.c:89
	src/parabitonicsort.c:89
	src/parabitonicsort.c:91
	src/parabitonicsort.c:91
	src/parabitonicsort.c:100
	src/parabitonicsort.c:100
	src/parabitonicsort.c:100
	src/parabitonicsort.c:116
	src/parabitonicsort.c:117
	src/parabitonicsort.c:118
	src/parabitonicsort.c:119
	src/parabitonicsort.c:129
	src/parabitonicsort.c:181
	src/parabitonicsort.c:182
	src/parabitonicsort.c:183
	src/parabitonicsort.c:187
	src/parabitonicsort.c:187
	src/parabitonicsort.c:188
	src/parabitonicsort.c:188
	src/parabitonicsort.c:193
	src/parabitonicsort.c:193
	src/parabitonicsort.c:193
	src/parabitonicsort.c:195
	src/parabitonicsort.c:202
	src/parabitonicsort.c:223
	src/parabitonicsort.c:223
	src/parabitonicsort.c:237
	src/parabitonicsort.c:238
	src/parabitonicsort.c:239
	src/parabitonicsort.c:286
	src/parabitonicsort.c:287
	src/parabitonicsort.c:288
	src/parabitonicsort.c:334
	src/parabitonicsort.c:335
	src/parabitonicsort.c:336
	src/parabitonicsort.c:342
	src/parabitonicsort.c:344
	src/parabitonicsort.c:344
	src/parabitonicsort.c:345
	src/parabitonicsort.c:345
	src/parabitonicsort.c:350
	src/parabitonicsort.c:351
	src/parabitonicsort.c:360
	src/parabitonicsort.c:361
	src/parabitonicsort.c:363
	src/parabitonicsort.c:371
	src/parabitonicsort.c:372
	src/parabitonicsort.c:433
	src/parabitonicsort.c:434
	src/parabitonicsort.c:435
	src/parabitonicsort.c:436
	src/parabitonicsort.c:437
	src/parabitonicsort.c:440
	src/parabitonicsort.c:441
	src/parabitonicsort.c:442
	src/parabitonicsort.c:444
	src/parabitonicsort.c:444
	src/parabitonicsort.c:445
	src/parabitonicsort.c:445
	src/parabitonicsort.c:479
	src/parabitonicsort.c:480
	src/parabitonicsort.c:481
	src/parabitonicsort.c:482
	src/parabitonicsort.c:483
	src/parabitonicsort.c:486
	src/parabitonicsort.c:487
	src/parabitonicsort.c:488
	src/parabitonicsort.c:490
	src/parabitonicsort.c:490
	src/parabitonicsort.c:491
	src/parabitonicsort.c:491
	src/parabitonicsort.c:496
	src/parabitonicsort.c:538
	src/parabitonicsort.c:538
	src/parabitonicsort.c:538
	src/parabitonicsort.c:538
	src/parabitonicsort.c:540
	src/parabitonicsort.c:574
	src/parabitonicsort.c:574
	src/parabitonicsort.c:576
	src/parabitonicsort.c:577
	src/parabitonicsort.c:578
	src/parabitonicsort.c:580
	src/parabitonicsort.c:584
	src/parabitonicsort.c:587
	src/parabitonicsort.c:590
	src/parabitonicsort.c:598
	src/parabitonicsort.c:598
	src/parabitonicsort.c:598
	src/parabitonicsort.c:600
	src/parabitonicsort.c:601
	src/parabitonicsort.c:602
	src/parabitonicsort.c:606
	src/parabitonicsort.c:608
	src/parabitonicsort.c:631
	src/parabitonicsort.c:632
	src/parabitonicsort.c:666
	src/parabitonicsort.c:667
	src/parabitonicsort.c:668
	src/reads.h:26
	src/reads.h:27
	src/reads.h:28
	src/reads.h:29
	src/reads.h:37
	src/reads.h:38
	src/reads.h:39
	src/reads.h:40
	src/reads.h:41
	src/reads.h:42
	src/reads.h:45
	src/reads.h:46
	src/reads.h:61
	src/reads.h:62
	src/reads.h:63
	src/reads.h:64
	src/reads.h:65
	src/reads.h:66
	src/reads.h:67
	src/reads.h:68
	src/reads.h:73
	src/mark_duplicates.h:60
	src/mark_duplicates.h:66
	src/mark_duplicates.h:70
	src/mark_duplicates.h:71
	src/mark_duplicates.h:72
	src/mark_duplicates.h:76
	src/mark_duplicates.h:77
	src/mark_duplicates.h:80
	src/mark_duplicates.h:82
	src/mpiSort_utils.c:48
	src/mpiSort_utils.c:48
	src/mpiSort_utils.c:50
	src/mpiSort_utils.c:75
	src/mpiSort_utils.c:75
	src/mpiSort_utils.c:76
	src/mpiSort_utils.c:78
	src/mpiSort_utils.c:79
	src/mpiSort_utils.c:103
	src/mpiSort_utils.c:104
	src/mpiSort_utils.c:106
	src/mpiSort_utils.c:107
	src/mpiSort_utils.c:131
	src/mpiSort_utils.c:131
	src/mpiSort_utils.c:132
	src/mpiSort_utils.c:132
	src/mpiSort_utils.c:132
	src/mpiSort_utils.c:132
	src/mpiSort_utils.c:135
	src/mpiSort_utils.c:136
	src/mpiSort_utils.c:136
	src/mpiSort_utils.c:143
	src/mpiSort_utils.c:158
	src/mpiSort_utils.c:163
	src/parabitonicsort3.c:84
	src/parabitonicsort3.c:88
	src/parabitonicsort3.c:88
	src/parabitonicsort3.c:90
	src/parabitonicsort3.c:90
	src/parabitonicsort3.c:99
	src/parabitonicsort3.c:99
	src/parabitonicsort3.c:99
	src/parabitonicsort3.c:113
	src/parabitonicsort3.c:114
	src/parabitonicsort3.c:117
	src/parabitonicsort3.c:118
	src/parabitonicsort3.c:119
	src/parabitonicsort3.c:127
	src/parabitonicsort3.c:173
	src/parabitonicsort3.c:174
	src/parabitonicsort3.c:175
	src/parabitonicsort3.c:178
	src/parabitonicsort3.c:182
	src/parabitonicsort3.c:182
	src/parabitonicsort3.c:183
	src/parabitonicsort3.c:183
	src/parabitonicsort3.c:187
	src/parabitonicsort3.c:187
	src/parabitonicsort3.c:187
	src/parabitonicsort3.c:188
	src/parabitonicsort3.c:188
	src/parabitonicsort3.c:188
	src/parabitonicsort3.c:190
	src/parabitonicsort3.c:197
	src/parabitonicsort3.c:227
	src/parabitonicsort3.c:227
	src/parabitonicsort3.c:241
	src/parabitonicsort3.c:242
	src/parabitonicsort3.c:243
	src/parabitonicsort3.c:246
	src/parabitonicsort3.c:299
	src/parabitonicsort3.c:300
	src/parabitonicsort3.c:301
	src/parabitonicsort3.c:304
	src/parabitonicsort3.c:353
	src/parabitonicsort3.c:354
	src/parabitonicsort3.c:355
	src/parabitonicsort3.c:358
	src/parabitonicsort3.c:365
	src/parabitonicsort3.c:369
	src/parabitonicsort3.c:369
	src/parabitonicsort3.c:370
	src/parabitonicsort3.c:370
	src/parabitonicsort3.c:380
	src/parabitonicsort3.c:381
	src/parabitonicsort3.c:386
	src/parabitonicsort3.c:387
	src/parabitonicsort3.c:389
	src/parabitonicsort3.c:394
	src/parabitonicsort3.c:395
	src/parabitonicsort3.c:398
	src/parabitonicsort3.c:399
	src/parabitonicsort3.c:417
	src/parabitonicsort3.c:418
	src/parabitonicsort3.c:469
	src/parabitonicsort3.c:470
	src/parabitonicsort3.c:471
	src/parabitonicsort3.c:474
	src/parabitonicsort3.c:475
	src/parabitonicsort3.c:476
	src/parabitonicsort3.c:481
	src/parabitonicsort3.c:482
	src/parabitonicsort3.c:483
	src/parabitonicsort3.c:485
	src/parabitonicsort3.c:485
	src/parabitonicsort3.c:486
	src/parabitonicsort3.c:486
	src/parabitonicsort3.c:533
	src/parabitonicsort3.c:534
	src/parabitonicsort3.c:535
	src/parabitonicsort3.c:538
	src/parabitonicsort3.c:539
	src/parabitonicsort3.c:540
	src/parabitonicsort3.c:546
	src/parabitonicsort3.c:547
	src/parabitonicsort3.c:548
	src/parabitonicsort3.c:550
	src/parabitonicsort3.c:550
	src/parabitonicsort3.c:551
	src/parabitonicsort3.c:551
	src/parabitonicsort3.c:560
	src/parabitonicsort3.c:608
	src/parabitonicsort3.c:608
	src/parabitonicsort3.c:608
	src/parabitonicsort3.c:608
	src/parabitonicsort3.c:610
	src/parabitonicsort3.c:644
	src/parabitonicsort3.c:644
	src/parabitonicsort3.c:646
	src/parabitonicsort3.c:647
	src/parabitonicsort3.c:648
	src/parabitonicsort3.c:650
	src/parabitonicsort3.c:654
	src/parabitonicsort3.c:657
	src/parabitonicsort3.c:660
	src/parabitonicsort3.c:668
	src/parabitonicsort3.c:668
	src/parabitonicsort3.c:668
	src/parabitonicsort3.c:670
	src/parabitonicsort3.c:671
	src/parabitonicsort3.c:672
	src/parabitonicsort3.c:676
	src/parabitonicsort3.c:678
	src/parabitonicsort3.c:701
	src/parabitonicsort3.c:702
	src/parabitonicsort3.c:736
	src/parabitonicsort3.c:737
	src/parabitonicsort3.c:738
	src/parabitonicsort.h:34
	src/parabitonicsort.h:34
	src/parabitonicsort.h:36
	src/parabitonicsort.h:37
	src/parabitonicsort.h:38
	src/parabitonicsort.h:41
	src/parabitonicsort.h:42
	src/parabitonicsort.h:43
	src/parabitonicsort.h:46
	src/parabitonicsort.h:47
	src/parabitonicsort.h:50
	src/parabitonicsort.h:51
	src/parabitonicsort.h:52
	src/parabitonicsort.h:57
	src/parabitonicsort.h:58
	src/parabitonicsort.h:59
	src/parabitonicsort.h:64
	src/parabitonicsort.h:65
	src/parabitonicsort.h:66
	src/parabitonicsort.h:72
	src/parabitonicsort.h:73
	src/parabitonicsort.h:74
	src/parabitonicsort.h:75
	src/parabitonicsort.h:76
	src/parabitonicsort.h:79
	src/parabitonicsort.h:80
	src/parabitonicsort.h:81
	src/parabitonicsort.h:82
	src/parabitonicsort.h:83
	src/parabitonicsort.h:86
	src/parabitonicsort.h:87
	src/parabitonicsort.h:88
	src/parabitonicsort.h:89
	src/parabitonicsort.h:94
	src/parabitonicsort.h:95
	src/parabitonicsort.h:96
	src/parabitonicsort.h:104
	src/parabitonicsort.h:105
	src/parabitonicsort.h:106
	src/parabitonicsort.h:107
autoscan: warning: missing AC_TYPE_UINT16_T wanted by: 
	src/bgzf.c:79
autoscan: warning: missing AC_TYPE_UINT32_T wanted by: 
	src/bgzf.c:93
	src/bgzf.c:345
autoscan: warning: missing AC_TYPE_UINT8_T wanted by: 
	src/write.c:1293
	src/write.c:1293
	src/write.c:1330
	src/write.c:1365
	src/write.c:1598
	src/write.c:1598
	src/write.c:1602
	src/write.c:1602
	src/write.c:1735
	src/write.c:1769
	src/write.c:1804
	src/write.c:3497
	src/write.c:3497
	src/write.c:3542
	src/write.c:3575
	src/bgzf.c:42
	src/bgzf.c:79
	src/bgzf.c:87
	src/bgzf.c:93
	src/bgzf.c:117
	src/bgzf.c:344
	src/bgzf.c:347
	src/bgzf.c:348
	src/bgzf.c:407
	src/bgzf.c:410
	src/bgzf.c:497
	src/bgzf.c:670
	src/bgzf.c:671
