This file contains any messages produced by compilers while
running configure, to aid debugging if configure makes a mistake.

It was created by mpisort configure 1.0, which was
generated by GNU Autoconf 2.69.  Invocation command line was

  $ ./configure 

## --------- ##
## Platform. ##
## --------- ##

hostname = frederic-Laptop
uname -m = x86_64
uname -r = 3.13.0-137-generic
uname -s = Linux
uname -v = #186-Ubuntu SMP Mon Dec 4 19:09:19 UTC 2017

/usr/bin/uname -p = unknown
/bin/uname -X     = unknown

/bin/arch              = unknown
/usr/bin/arch -k       = unknown
/usr/convex/getsysinfo = unknown
/usr/bin/hostinfo      = unknown
/bin/machine           = unknown
/usr/bin/oslevel       = unknown
/bin/universe          = unknown

PATH: /usr/local/sbin
PATH: /usr/local/bin
PATH: /usr/sbin
PATH: /usr/bin
PATH: /sbin
PATH: /bin
PATH: /usr/games
PATH: /usr/local/games
PATH: /usr/lib/jvm/java-8-oracle/bin
PATH: /usr/lib/jvm/java-8-oracle/db/bin
PATH: /usr/lib/jvm/java-8-oracle/jre/bin


## ----------- ##
## Core tests. ##
## ----------- ##

configure:1942: checking for a BSD-compatible install
configure:2010: result: /usr/bin/install -c
configure:2021: checking whether build environment is sane
configure:2076: result: yes
configure:2227: checking for a thread-safe mkdir -p
configure:2266: result: /bin/mkdir -p
configure:2273: checking for gawk
configure:2303: result: no
configure:2273: checking for mawk
configure:2289: found /usr/bin/mawk
configure:2300: result: mawk
configure:2311: checking whether make sets $(MAKE)
configure:2333: result: yes
configure:2362: checking whether make supports nested variables
configure:2379: result: yes
configure:2561: checking for mpicc
configure:2577: found /usr/bin/mpicc
configure:2588: result: mpicc
configure:2619: checking for C compiler version
configure:2628: mpicc --version >&5
gcc (Ubuntu 4.8.4-2ubuntu1~14.04.4) 4.8.4
Copyright (C) 2013 Free Software Foundation, Inc.
This is free software; see the source for copying conditions.  There is NO
warranty; not even for MERCHANTABILITY or FITNESS FOR A PARTICULAR PURPOSE.

configure:2639: $? = 0
configure:2628: mpicc -v >&5
Using built-in specs.
COLLECT_GCC=/usr/bin/gcc
COLLECT_LTO_WRAPPER=/usr/lib/gcc/x86_64-linux-gnu/4.8/lto-wrapper
Target: x86_64-linux-gnu
Configured with: ../src/configure -v --with-pkgversion='Ubuntu 4.8.4-2ubuntu1~14.04.4' --with-bugurl=file:///usr/share/doc/gcc-4.8/README.Bugs --enable-languages=c,c++,java,go,d,fortran,objc,obj-c++ --prefix=/usr --program-suffix=-4.8 --enable-shared --enable-linker-build-id --libexecdir=/usr/lib --without-included-gettext --enable-threads=posix --with-gxx-include-dir=/usr/include/c++/4.8 --libdir=/usr/lib --enable-nls --with-sysroot=/ --enable-clocale=gnu --enable-libstdcxx-debug --enable-libstdcxx-time=yes --enable-gnu-unique-object --disable-libmudflap --enable-plugin --with-system-zlib --disable-browser-plugin --enable-java-awt=gtk --enable-gtk-cairo --with-java-home=/usr/lib/jvm/java-1.5.0-gcj-4.8-amd64/jre --enable-java-home --with-jvm-root-dir=/usr/lib/jvm/java-1.5.0-gcj-4.8-amd64 --with-jvm-jar-dir=/usr/lib/jvm-exports/java-1.5.0-gcj-4.8-amd64 --with-arch-directory=amd64 --with-ecj-jar=/usr/share/java/eclipse-ecj.jar --enable-objc-gc --enable-multiarch --disable-werror --with-arch-32=i686 --with-abi=m64 --with-multilib-list=m32,m64,mx32 --with-tune=generic --enable-checking=release --build=x86_64-linux-gnu --host=x86_64-linux-gnu --target=x86_64-linux-gnu
Thread model: posix
gcc version 4.8.4 (Ubuntu 4.8.4-2ubuntu1~14.04.4) 
configure:2639: $? = 0
configure:2628: mpicc -V >&5
gcc: error: unrecognized command line option '-V'
gcc: fatal error: no input files
compilation terminated.
configure:2639: $? = 4
configure:2628: mpicc -qversion >&5
gcc: error: unrecognized command line option '-qversion'
gcc: fatal error: no input files
compilation terminated.
configure:2639: $? = 4
configure:2659: checking whether the C compiler works
configure:2681: mpicc    conftest.c  >&5
configure:2685: $? = 0
configure:2733: result: yes
configure:2736: checking for C compiler default output file name
configure:2738: result: a.out
configure:2744: checking for suffix of executables
configure:2751: mpicc -o conftest    conftest.c  >&5
configure:2755: $? = 0
configure:2777: result: 
configure:2799: checking whether we are cross compiling
configure:2807: mpicc -o conftest    conftest.c  >&5
configure:2811: $? = 0
configure:2818: ./conftest
configure:2822: $? = 0
configure:2837: result: no
configure:2842: checking for suffix of object files
configure:2864: mpicc -c   conftest.c >&5
configure:2868: $? = 0
configure:2889: result: o
configure:2893: checking whether we are using the GNU C compiler
configure:2912: mpicc -c   conftest.c >&5
configure:2912: $? = 0
configure:2921: result: yes
configure:2930: checking whether mpicc accepts -g
configure:2950: mpicc -c -g  conftest.c >&5
configure:2950: $? = 0
configure:2991: result: yes
configure:3008: checking for mpicc option to accept ISO C89
configure:3071: mpicc  -c -g -O2  conftest.c >&5
configure:3071: $? = 0
configure:3084: result: none needed
configure:3109: checking whether mpicc understands -c and -o together
configure:3131: mpicc -c conftest.c -o conftest2.o
configure:3134: $? = 0
configure:3131: mpicc -c conftest.c -o conftest2.o
configure:3134: $? = 0
configure:3146: result: yes
configure:3174: checking for style of include used by make
configure:3202: result: GNU
configure:3228: checking dependency style of mpicc
configure:3339: result: gcc3
configure:3357: checking for log2 in -lm
configure:3382: mpicc -o conftest -g -O2   conftest.c -lm   >&5
conftest.c:18:6: warning: conflicting types for built-in function 'log2' [enabled by default]
 char log2 ();
      ^
configure:3382: $? = 0
configure:3391: result: yes
configure:3402: checking for max in -lm
configure:3427: mpicc -o conftest -g -O2   conftest.c -lm  -lm  >&5
/tmp/ccMNvbrL.o: In function `main':
/home/frederic/mpiMD/mpiMD-v199/branches/findDuplicaInMDWay/conftest.c:23: undefined reference to `max'
collect2: error: ld returned 1 exit status
configure:3427: $? = 1
configure: failed program was:
| /* confdefs.h */
| #define PACKAGE_NAME "mpisort"
| #define PACKAGE_TARNAME "mpisort"
| #define PACKAGE_VERSION "1.0"
| #define PACKAGE_STRING "mpisort 1.0"
| #define PACKAGE_BUGREPORT ""
| #define PACKAGE_URL ""
| #define PACKAGE "mpisort"
| #define VERSION "1.0"
| #define HAVE_LIBM 1
| /* end confdefs.h.  */
| 
| /* Override any GCC internal prototype to avoid an error.
|    Use char because int might match the return type of a GCC
|    builtin and then its argument prototype would still apply.  */
| #ifdef __cplusplus
| extern "C"
| #endif
| char max ();
| int
| main ()
| {
| return max ();
|   ;
|   return 0;
| }
configure:3436: result: no
configure:3447: checking for inflate in -lz
configure:3472: mpicc -o conftest -g -O2   conftest.c -lz  -lm  >&5
configure:3472: $? = 0
configure:3481: result: yes
configure:3492: checking for MD5_Init in -lcrypto
configure:3517: mpicc -o conftest -g -O2   conftest.c -lcrypto  -lz -lm  >&5
configure:3517: $? = 0
configure:3526: result: yes
configure:3537: checking for MD5_Update in -lcrypto
configure:3562: mpicc -o conftest -g -O2   conftest.c -lcrypto  -lcrypto -lz -lm  >&5
configure:3562: $? = 0
configure:3571: result: yes
configure:3582: checking for MD5_Final in -lcrypto
configure:3607: mpicc -o conftest -g -O2   conftest.c -lcrypto  -lcrypto -lcrypto -lz -lm  >&5
configure:3607: $? = 0
configure:3616: result: yes
configure:3631: checking for malloc_trim
configure:3631: mpicc -o conftest -g -O2   conftest.c -lcrypto -lcrypto -lcrypto -lz -lm  >&5
configure:3631: $? = 0
configure:3631: result: yes
configure:3787: checking that generated files are newer than configure
configure:3793: result: done
configure:3816: creating ./config.status

## ---------------------- ##
## Running config.status. ##
## ---------------------- ##

This file was extended by mpisort config.status 1.0, which was
generated by GNU Autoconf 2.69.  Invocation command line was

  CONFIG_FILES    = 
  CONFIG_HEADERS  = 
  CONFIG_LINKS    = 
  CONFIG_COMMANDS = 
  $ ./config.status 

on frederic-Laptop

config.status:774: creating Makefile
config.status:774: creating src/Makefile
config.status:946: executing depfiles commands

## ---------------- ##
## Cache variables. ##
## ---------------- ##

ac_cv_c_compiler_gnu=yes
ac_cv_env_CC_set=
ac_cv_env_CC_value=
ac_cv_env_CFLAGS_set=
ac_cv_env_CFLAGS_value=
ac_cv_env_CPPFLAGS_set=
ac_cv_env_CPPFLAGS_value=
ac_cv_env_LDFLAGS_set=
ac_cv_env_LDFLAGS_value=
ac_cv_env_LIBS_set=
ac_cv_env_LIBS_value=
ac_cv_env_build_alias_set=
ac_cv_env_build_alias_value=
ac_cv_env_host_alias_set=
ac_cv_env_host_alias_value=
ac_cv_env_target_alias_set=
ac_cv_env_target_alias_value=
ac_cv_func_malloc_trim=yes
ac_cv_lib_crypto_MD5_Final=yes
ac_cv_lib_crypto_MD5_Init=yes
ac_cv_lib_crypto_MD5_Update=yes
ac_cv_lib_m_log2=yes
ac_cv_lib_m_max=no
ac_cv_lib_z_inflate=yes
ac_cv_objext=o
ac_cv_path_install='/usr/bin/install -c'
ac_cv_path_mkdir=/bin/mkdir
ac_cv_prog_AWK=mawk
ac_cv_prog_ac_ct_CC=mpicc
ac_cv_prog_cc_c89=
ac_cv_prog_cc_g=yes
ac_cv_prog_make_make_set=yes
am_cv_CC_dependencies_compiler_type=gcc3
am_cv_make_support_nested_variables=yes
am_cv_prog_cc_c_o=yes

## ----------------- ##
## Output variables. ##
## ----------------- ##

ACLOCAL='${SHELL} /home/frederic/mpiMD/mpiMD-v199/branches/findDuplicaInMDWay/missing aclocal-1.15'
AMDEPBACKSLASH='\'
AMDEP_FALSE='#'
AMDEP_TRUE=''
AMTAR='$${TAR-tar}'
AM_BACKSLASH='\'
AM_DEFAULT_V='$(AM_DEFAULT_VERBOSITY)'
AM_DEFAULT_VERBOSITY='1'
AM_V='$(V)'
AUTOCONF='${SHELL} /home/frederic/mpiMD/mpiMD-v199/branches/findDuplicaInMDWay/missing autoconf'
AUTOHEADER='${SHELL} /home/frederic/mpiMD/mpiMD-v199/branches/findDuplicaInMDWay/missing autoheader'
AUTOMAKE='${SHELL} /home/frederic/mpiMD/mpiMD-v199/branches/findDuplicaInMDWay/missing automake-1.15'
AWK='mawk'
CC='mpicc'
CCDEPMODE='depmode=gcc3'
CFLAGS='-g -O2'
CPPFLAGS=''
CYGPATH_W='echo'
DEFS='-DPACKAGE_NAME=\"mpisort\" -DPACKAGE_TARNAME=\"mpisort\" -DPACKAGE_VERSION=\"1.0\" -DPACKAGE_STRING=\"mpisort\ 1.0\" -DPACKAGE_BUGREPORT=\"\" -DPACKAGE_URL=\"\" -DPACKAGE=\"mpisort\" -DVERSION=\"1.0\" -DHAVE_LIBM=1 -DHAVE_LIBZ=1 -DHAVE_LIBCRYPTO=1 -DHAVE_LIBCRYPTO=1 -DHAVE_LIBCRYPTO=1 -DHAVE_MALLOC_TRIM=1'
DEPDIR='.deps'
ECHO_C=''
ECHO_N='-n'
ECHO_T=''
EXEEXT=''
INSTALL_DATA='${INSTALL} -m 644'
INSTALL_PROGRAM='${INSTALL}'
INSTALL_SCRIPT='${INSTALL}'
INSTALL_STRIP_PROGRAM='$(install_sh) -c -s'
LDFLAGS=''
LIBOBJS=''
LIBS='-lcrypto -lcrypto -lcrypto -lz -lm '
LTLIBOBJS=''
MAKEINFO='${SHELL} /home/frederic/mpiMD/mpiMD-v199/branches/findDuplicaInMDWay/missing makeinfo'
MKDIR_P='/bin/mkdir -p'
OBJEXT='o'
PACKAGE='mpisort'
PACKAGE_BUGREPORT=''
PACKAGE_NAME='mpisort'
PACKAGE_STRING='mpisort 1.0'
PACKAGE_TARNAME='mpisort'
PACKAGE_URL=''
PACKAGE_VERSION='1.0'
PATH_SEPARATOR=':'
SET_MAKE=''
SHELL='/bin/bash'
STRIP=''
VERSION='1.0'
ac_ct_CC='mpicc'
am__EXEEXT_FALSE=''
am__EXEEXT_TRUE='#'
am__fastdepCC_FALSE='#'
am__fastdepCC_TRUE=''
am__include='include'
am__isrc=''
am__leading_dot='.'
am__nodep='_no'
am__quote=''
am__tar='$${TAR-tar} chof - "$$tardir"'
am__untar='$${TAR-tar} xf -'
bindir='${exec_prefix}/bin'
build_alias=''
datadir='${datarootdir}'
datarootdir='${prefix}/share'
docdir='${datarootdir}/doc/${PACKAGE_TARNAME}'
dvidir='${docdir}'
exec_prefix='${prefix}'
host_alias=''
htmldir='${docdir}'
includedir='${prefix}/include'
infodir='${datarootdir}/info'
install_sh='${SHELL} /home/frederic/mpiMD/mpiMD-v199/branches/findDuplicaInMDWay/install-sh'
libdir='${exec_prefix}/lib'
libexecdir='${exec_prefix}/libexec'
localedir='${datarootdir}/locale'
localstatedir='${prefix}/var'
mandir='${datarootdir}/man'
mkdir_p='$(MKDIR_P)'
oldincludedir='/usr/include'
pdfdir='${docdir}'
prefix='/usr/local'
program_transform_name='s,x,x,'
psdir='${docdir}'
sbindir='${exec_prefix}/sbin'
sharedstatedir='${prefix}/com'
sysconfdir='${prefix}/etc'
target_alias=''

## ----------- ##
## confdefs.h. ##
## ----------- ##

/* confdefs.h */
#define PACKAGE_NAME "mpisort"
#define PACKAGE_TARNAME "mpisort"
#define PACKAGE_VERSION "1.0"
#define PACKAGE_STRING "mpisort 1.0"
#define PACKAGE_BUGREPORT ""
#define PACKAGE_URL ""
#define PACKAGE "mpisort"
#define VERSION "1.0"
#define HAVE_LIBM 1
#define HAVE_LIBZ 1
#define HAVE_LIBCRYPTO 1
#define HAVE_LIBCRYPTO 1
#define HAVE_LIBCRYPTO 1
#define HAVE_MALLOC_TRIM 1

configure: exit 0
